[0.031s] Invoking command in '/home/lisa/master_thesis/build/panda_description': CMAKE_PREFIX_PATH=${CMAKE_PREFIX_PATH}:/home/lisa/ws_moveit/install/moveit_configs_utils:/opt/ros/jazzy DEBUGINFOD_URLS=https://debuginfod.ubuntu.com /usr/bin/cmake --build /home/lisa/master_thesis/build/panda_description -- -j20 -l20
[0.074s] Invoked command in '/home/lisa/master_thesis/build/panda_description' returned '0': CMAKE_PREFIX_PATH=${CMAKE_PREFIX_PATH}:/home/lisa/ws_moveit/install/moveit_configs_utils:/opt/ros/jazzy DEBUGINFOD_URLS=https://debuginfod.ubuntu.com /usr/bin/cmake --build /home/lisa/master_thesis/build/panda_description -- -j20 -l20
[0.104s] Invoking command in '/home/lisa/master_thesis/build/panda_description': CMAKE_PREFIX_PATH=${CMAKE_PREFIX_PATH}:/home/lisa/ws_moveit/install/moveit_configs_utils:/opt/ros/jazzy DEBUGINFOD_URLS=https://debuginfod.ubuntu.com /usr/bin/cmake --install /home/lisa/master_thesis/build/panda_description
[0.117s] -- Install configuration: ""
[0.117s] -- Up-to-date: /home/lisa/master_thesis/install/panda_description/share/ament_index/resource_index/package_run_dependencies/panda_description
[0.117s] -- Up-to-date: /home/lisa/master_thesis/install/panda_description/share/ament_index/resource_index/parent_prefix_path/panda_description
[0.117s] -- Up-to-date: /home/lisa/master_thesis/install/panda_description/share/panda_description/environment/ament_prefix_path.sh
[0.117s] -- Up-to-date: /home/lisa/master_thesis/install/panda_description/share/panda_description/environment/ament_prefix_path.dsv
[0.117s] -- Up-to-date: /home/lisa/master_thesis/install/panda_description/share/panda_description/environment/path.sh
[0.117s] -- Up-to-date: /home/lisa/master_thesis/install/panda_description/share/panda_description/environment/path.dsv
[0.117s] -- Up-to-date: /home/lisa/master_thesis/install/panda_description/share/panda_description/local_setup.bash
[0.117s] -- Up-to-date: /home/lisa/master_thesis/install/panda_description/share/panda_description/local_setup.sh
[0.117s] -- Up-to-date: /home/lisa/master_thesis/install/panda_description/share/panda_description/local_setup.zsh
[0.117s] -- Up-to-date: /home/lisa/master_thesis/install/panda_description/share/panda_description/local_setup.dsv
[0.117s] -- Up-to-date: /home/lisa/master_thesis/install/panda_description/share/panda_description/package.dsv
[0.117s] -- Up-to-date: /home/lisa/master_thesis/install/panda_description/share/ament_index/resource_index/packages/panda_description
[0.117s] -- Up-to-date: /home/lisa/master_thesis/install/panda_description/share/panda_description/cmake/panda_descriptionConfig.cmake
[0.117s] -- Up-to-date: /home/lisa/master_thesis/install/panda_description/share/panda_description/cmake/panda_descriptionConfig-version.cmake
[0.117s] -- Up-to-date: /home/lisa/master_thesis/install/panda_description/share/panda_description/package.xml
[0.117s] -- Up-to-date: /home/lisa/master_thesis/install/panda_description/share/panda_description/meshes
[0.117s] -- Up-to-date: /home/lisa/master_thesis/install/panda_description/share/panda_description/meshes/collision
[0.117s] -- Up-to-date: /home/lisa/master_thesis/install/panda_description/share/panda_description/meshes/collision/link7.stl
[0.117s] -- Up-to-date: /home/lisa/master_thesis/install/panda_description/share/panda_description/meshes/collision/hand.stl
[0.118s] -- Up-to-date: /home/lisa/master_thesis/install/panda_description/share/panda_description/meshes/collision/link2.stl
[0.118s] -- Up-to-date: /home/lisa/master_thesis/install/panda_description/share/panda_description/meshes/collision/link0.stl
[0.118s] -- Up-to-date: /home/lisa/master_thesis/install/panda_description/share/panda_description/meshes/collision/link6.stl
[0.118s] -- Up-to-date: /home/lisa/master_thesis/install/panda_description/share/panda_description/meshes/collision/finger.stl
[0.118s] -- Up-to-date: /home/lisa/master_thesis/install/panda_description/share/panda_description/meshes/collision/link1.stl
[0.118s] -- Up-to-date: /home/lisa/master_thesis/install/panda_description/share/panda_description/meshes/collision/link4.stl
[0.118s] -- Up-to-date: /home/lisa/master_thesis/install/panda_description/share/panda_description/meshes/collision/link3.stl
[0.118s] -- Up-to-date: /home/lisa/master_thesis/install/panda_description/share/panda_description/meshes/collision/link5.stl
[0.118s] -- Up-to-date: /home/lisa/master_thesis/install/panda_description/share/panda_description/meshes/visual
[0.118s] -- Up-to-date: /home/lisa/master_thesis/install/panda_description/share/panda_description/meshes/visual/link5.dae
[0.118s] -- Up-to-date: /home/lisa/master_thesis/install/panda_description/share/panda_description/meshes/visual/link1.dae
[0.118s] -- Up-to-date: /home/lisa/master_thesis/install/panda_description/share/panda_description/meshes/visual/link2.dae
[0.118s] -- Up-to-date: /home/lisa/master_thesis/install/panda_description/share/panda_description/meshes/visual/link4.dae
[0.118s] -- Up-to-date: /home/lisa/master_thesis/install/panda_description/share/panda_description/meshes/visual/link0.dae
[0.118s] -- Up-to-date: /home/lisa/master_thesis/install/panda_description/share/panda_description/meshes/visual/hand.dae
[0.118s] -- Up-to-date: /home/lisa/master_thesis/install/panda_description/share/panda_description/meshes/visual/link6.dae
[0.118s] -- Up-to-date: /home/lisa/master_thesis/install/panda_description/share/panda_description/meshes/visual/link7.dae
[0.118s] -- Up-to-date: /home/lisa/master_thesis/install/panda_description/share/panda_description/meshes/visual/finger.dae
[0.118s] -- Up-to-date: /home/lisa/master_thesis/install/panda_description/share/panda_description/meshes/visual/link3.dae
[0.118s] -- Up-to-date: /home/lisa/master_thesis/install/panda_description/share/panda_description/urdf
[0.118s] -- Up-to-date: /home/lisa/master_thesis/install/panda_description/share/panda_description/urdf/panda.urdf
[0.119s] -- Up-to-date: /home/lisa/master_thesis/install/panda_description/share/panda_description/urdf/panda.urdf.xacro
[0.130s] Invoked command in '/home/lisa/master_thesis/build/panda_description' returned '0': CMAKE_PREFIX_PATH=${CMAKE_PREFIX_PATH}:/home/lisa/ws_moveit/install/moveit_configs_utils:/opt/ros/jazzy DEBUGINFOD_URLS=https://debuginfod.ubuntu.com /usr/bin/cmake --install /home/lisa/master_thesis/build/panda_description
