[0.019s] Invoking command in '/home/lisa/master_thesis/build/fws_robot_sim': CMAKE_PREFIX_PATH=${CMAKE_PREFIX_PATH}:/home/lisa/ws_moveit/install/moveit_configs_utils:/opt/ros/jazzy DEBUGINFOD_URLS=https://debuginfod.ubuntu.com /usr/bin/cmake /home/lisa/master_thesis/ace_ws/src/fws_robot_harmonic/fws_robot_sim -DCMAKE_INSTALL_PREFIX=/home/lisa/master_thesis/install/fws_robot_sim
[0.071s] -- The C compiler identification is GNU 13.2.0
[0.118s] -- The CXX compiler identification is GNU 13.2.0
[0.137s] -- Detecting C compiler ABI info
[0.227s] -- Detecting C compiler ABI info - done
[0.239s] -- Check for working C compiler: /usr/bin/cc - skipped
[0.239s] -- Detecting C compile features
[0.240s] -- Detecting C compile features - done
[0.248s] -- Detecting CXX compiler ABI info
[0.340s] -- Detecting CXX compiler ABI info - done
[0.353s] -- Check for working CXX compiler: /usr/bin/c++ - skipped
[0.353s] -- Detecting CXX compile features
[0.353s] -- Detecting CXX compile features - done
[0.359s] -- Found ament_cmake: 2.5.2 (/opt/ros/jazzy/share/ament_cmake/cmake)
[0.515s] -- Found Python3: /usr/bin/python3 (found version "3.12.3") found components: Interpreter 
[0.670s] -- Found xacro: 2.0.11 (/opt/ros/jazzy/share/xacro/cmake)
[0.675s] -- Found ament_lint_auto: 0.17.1 (/opt/ros/jazzy/share/ament_lint_auto/cmake)
[0.807s] -- Added test 'copyright' to check source files copyright and LICENSE
[0.808s] -- Added test 'flake8' to check Python code syntax and style conventions
[0.809s] -- Configured 'flake8' exclude dirs and/or files: 
[0.810s] -- Added test 'lint_cmake' to check CMake code style
[0.811s] -- Added test 'pep257' to check Python code against some of the docstring style conventions in PEP 257
[0.812s] -- Added test 'xmllint' to check XML markup files
[0.814s] -- Configuring done (0.8s)
[0.816s] -- Generating done (0.0s)
[0.816s] -- Build files have been written to: /home/lisa/master_thesis/build/fws_robot_sim
[0.820s] Invoked command in '/home/lisa/master_thesis/build/fws_robot_sim' returned '0': CMAKE_PREFIX_PATH=${CMAKE_PREFIX_PATH}:/home/lisa/ws_moveit/install/moveit_configs_utils:/opt/ros/jazzy DEBUGINFOD_URLS=https://debuginfod.ubuntu.com /usr/bin/cmake /home/lisa/master_thesis/ace_ws/src/fws_robot_harmonic/fws_robot_sim -DCMAKE_INSTALL_PREFIX=/home/lisa/master_thesis/install/fws_robot_sim
[0.822s] Invoking command in '/home/lisa/master_thesis/build/fws_robot_sim': CMAKE_PREFIX_PATH=${CMAKE_PREFIX_PATH}:/home/lisa/ws_moveit/install/moveit_configs_utils:/opt/ros/jazzy DEBUGINFOD_URLS=https://debuginfod.ubuntu.com /usr/bin/cmake --build /home/lisa/master_thesis/build/fws_robot_sim -- -j20 -l20
[0.867s] Invoked command in '/home/lisa/master_thesis/build/fws_robot_sim' returned '0': CMAKE_PREFIX_PATH=${CMAKE_PREFIX_PATH}:/home/lisa/ws_moveit/install/moveit_configs_utils:/opt/ros/jazzy DEBUGINFOD_URLS=https://debuginfod.ubuntu.com /usr/bin/cmake --build /home/lisa/master_thesis/build/fws_robot_sim -- -j20 -l20
[0.902s] Invoking command in '/home/lisa/master_thesis/build/fws_robot_sim': CMAKE_PREFIX_PATH=${CMAKE_PREFIX_PATH}:/home/lisa/ws_moveit/install/moveit_configs_utils:/opt/ros/jazzy DEBUGINFOD_URLS=https://debuginfod.ubuntu.com /usr/bin/cmake --install /home/lisa/master_thesis/build/fws_robot_sim
[0.912s] -- Install configuration: ""
[0.912s] -- Installing: /home/lisa/master_thesis/install/fws_robot_sim/share/fws_robot_sim/launch
[0.912s] -- Installing: /home/lisa/master_thesis/install/fws_robot_sim/share/fws_robot_sim/launch/fws_robot_spawn.launch.py
[0.912s] -- Installing: /home/lisa/master_thesis/install/fws_robot_sim/share/fws_robot_sim/worlds
[0.912s] -- Installing: /home/lisa/master_thesis/install/fws_robot_sim/share/fws_robot_sim/worlds/fws_robot_world.sdf
[0.913s] -- Installing: /home/lisa/master_thesis/install/fws_robot_sim/share/ament_index/resource_index/package_run_dependencies/fws_robot_sim
[0.913s] -- Installing: /home/lisa/master_thesis/install/fws_robot_sim/share/ament_index/resource_index/parent_prefix_path/fws_robot_sim
[0.913s] -- Installing: /home/lisa/master_thesis/install/fws_robot_sim/share/fws_robot_sim/environment/ament_prefix_path.sh
[0.913s] -- Installing: /home/lisa/master_thesis/install/fws_robot_sim/share/fws_robot_sim/environment/ament_prefix_path.dsv
[0.913s] -- Installing: /home/lisa/master_thesis/install/fws_robot_sim/share/fws_robot_sim/environment/path.sh
[0.913s] -- Installing: /home/lisa/master_thesis/install/fws_robot_sim/share/fws_robot_sim/environment/path.dsv
[0.913s] -- Installing: /home/lisa/master_thesis/install/fws_robot_sim/share/fws_robot_sim/local_setup.bash
[0.913s] -- Installing: /home/lisa/master_thesis/install/fws_robot_sim/share/fws_robot_sim/local_setup.sh
[0.913s] -- Installing: /home/lisa/master_thesis/install/fws_robot_sim/share/fws_robot_sim/local_setup.zsh
[0.913s] -- Installing: /home/lisa/master_thesis/install/fws_robot_sim/share/fws_robot_sim/local_setup.dsv
[0.913s] -- Installing: /home/lisa/master_thesis/install/fws_robot_sim/share/fws_robot_sim/package.dsv
[0.913s] -- Installing: /home/lisa/master_thesis/install/fws_robot_sim/share/ament_index/resource_index/packages/fws_robot_sim
[0.913s] -- Installing: /home/lisa/master_thesis/install/fws_robot_sim/share/fws_robot_sim/cmake/fws_robot_simConfig.cmake
[0.913s] -- Installing: /home/lisa/master_thesis/install/fws_robot_sim/share/fws_robot_sim/cmake/fws_robot_simConfig-version.cmake
[0.913s] -- Installing: /home/lisa/master_thesis/install/fws_robot_sim/share/fws_robot_sim/package.xml
[0.914s] Invoked command in '/home/lisa/master_thesis/build/fws_robot_sim' returned '0': CMAKE_PREFIX_PATH=${CMAKE_PREFIX_PATH}:/home/lisa/ws_moveit/install/moveit_configs_utils:/opt/ros/jazzy DEBUGINFOD_URLS=https://debuginfod.ubuntu.com /usr/bin/cmake --install /home/lisa/master_thesis/build/fws_robot_sim
