[0.032s] Invoking command in '/home/lisa/master_thesis/build/velocity_pub': CMAKE_PREFIX_PATH=${CMAKE_PREFIX_PATH}:/home/lisa/ws_moveit/install/moveit_configs_utils:/opt/ros/jazzy DEBUGINFOD_URLS=https://debuginfod.ubuntu.com /usr/bin/cmake /home/lisa/master_thesis/ace_ws/src/fws_robot_harmonic/velocity_pub -DCMAKE_INSTALL_PREFIX=/home/lisa/master_thesis/install/velocity_pub
[0.089s] -- The C compiler identification is GNU 13.2.0
[0.152s] -- The CXX compiler identification is GNU 13.2.0
[0.168s] -- Detecting C compiler ABI info
[0.253s] -- Detecting C compiler ABI info - done
[0.266s] -- Check for working C compiler: /usr/bin/cc - skipped
[0.266s] -- Detecting C compile features
[0.266s] -- Detecting C compile features - done
[0.277s] -- Detecting CXX compiler ABI info
[0.373s] -- Detecting CXX compiler ABI info - done
[0.386s] -- Check for working CXX compiler: /usr/bin/c++ - skipped
[0.386s] -- Detecting CXX compile features
[0.386s] -- Detecting CXX compile features - done
[0.395s] -- Found ament_cmake: 2.5.2 (/opt/ros/jazzy/share/ament_cmake/cmake)
[0.589s] -- Found Python3: /usr/bin/python3 (found version "3.12.3") found components: Interpreter 
[0.726s] -- Found rclcpp: 28.1.3 (/opt/ros/jazzy/share/rclcpp/cmake)
[0.788s] -- Found rosidl_generator_c: 4.6.3 (/opt/ros/jazzy/share/rosidl_generator_c/cmake)
[0.809s] -- Found rosidl_generator_cpp: 4.6.3 (/opt/ros/jazzy/share/rosidl_generator_cpp/cmake)
[0.836s] -- Using all available rosidl_typesupport_c: rosidl_typesupport_fastrtps_c;rosidl_typesupport_introspection_c
[0.862s] -- Using all available rosidl_typesupport_cpp: rosidl_typesupport_fastrtps_cpp;rosidl_typesupport_introspection_cpp
[0.958s] -- Found rmw_implementation_cmake: 7.3.1 (/opt/ros/jazzy/share/rmw_implementation_cmake/cmake)
[0.964s] -- Found rmw_cyclonedds_cpp: 2.2.2 (/opt/ros/jazzy/share/rmw_cyclonedds_cpp/cmake)
[1.035s] -- Using RMW implementation 'rmw_cyclonedds_cpp' as default
[1.155s] -- Found geometry_msgs: 5.3.5 (/opt/ros/jazzy/share/geometry_msgs/cmake)
[1.191s] -- Found ament_lint_auto: 0.17.1 (/opt/ros/jazzy/share/ament_lint_auto/cmake)
[1.323s] -- Added test 'copyright' to check source files copyright and LICENSE
[1.325s] -- Added test 'flake8' to check Python code syntax and style conventions
[1.325s] -- Configured 'flake8' exclude dirs and/or files: 
[1.326s] -- Added test 'lint_cmake' to check CMake code style
[1.327s] -- Added test 'pep257' to check Python code against some of the docstring style conventions in PEP 257
[1.328s] -- Added test 'xmllint' to check XML markup files
[1.330s] -- Configuring done (1.3s)
[1.333s] -- Generating done (0.0s)
[1.335s] -- Build files have been written to: /home/lisa/master_thesis/build/velocity_pub
[1.342s] Invoked command in '/home/lisa/master_thesis/build/velocity_pub' returned '0': CMAKE_PREFIX_PATH=${CMAKE_PREFIX_PATH}:/home/lisa/ws_moveit/install/moveit_configs_utils:/opt/ros/jazzy DEBUGINFOD_URLS=https://debuginfod.ubuntu.com /usr/bin/cmake /home/lisa/master_thesis/ace_ws/src/fws_robot_harmonic/velocity_pub -DCMAKE_INSTALL_PREFIX=/home/lisa/master_thesis/install/velocity_pub
[1.343s] Invoking command in '/home/lisa/master_thesis/build/velocity_pub': CMAKE_PREFIX_PATH=${CMAKE_PREFIX_PATH}:/home/lisa/ws_moveit/install/moveit_configs_utils:/opt/ros/jazzy DEBUGINFOD_URLS=https://debuginfod.ubuntu.com /usr/bin/cmake --build /home/lisa/master_thesis/build/velocity_pub -- -j20 -l20
[1.383s] Invoked command in '/home/lisa/master_thesis/build/velocity_pub' returned '0': CMAKE_PREFIX_PATH=${CMAKE_PREFIX_PATH}:/home/lisa/ws_moveit/install/moveit_configs_utils:/opt/ros/jazzy DEBUGINFOD_URLS=https://debuginfod.ubuntu.com /usr/bin/cmake --build /home/lisa/master_thesis/build/velocity_pub -- -j20 -l20
[1.410s] Invoking command in '/home/lisa/master_thesis/build/velocity_pub': CMAKE_PREFIX_PATH=${CMAKE_PREFIX_PATH}:/home/lisa/ws_moveit/install/moveit_configs_utils:/opt/ros/jazzy DEBUGINFOD_URLS=https://debuginfod.ubuntu.com /usr/bin/cmake --install /home/lisa/master_thesis/build/velocity_pub
[1.420s] -- Install configuration: ""
[1.420s] -- Installing: /home/lisa/master_thesis/install/velocity_pub/share/velocity_pub//scripts
[1.420s] -- Installing: /home/lisa/master_thesis/install/velocity_pub/share/velocity_pub//scripts/robot_control.py
[1.420s] -- Installing: /home/lisa/master_thesis/install/velocity_pub/share/velocity_pub//launch
[1.420s] -- Installing: /home/lisa/master_thesis/install/velocity_pub/share/velocity_pub//launch/four_ws_control.launch.py
[1.420s] -- Installing: /home/lisa/master_thesis/install/velocity_pub/lib/velocity_pub/robot_control.py
[1.420s] -- Installing: /home/lisa/master_thesis/install/velocity_pub/lib/velocity_pub/four_ws_control.launch.py
[1.421s] -- Installing: /home/lisa/master_thesis/install/velocity_pub/share/ament_index/resource_index/package_run_dependencies/velocity_pub
[1.421s] -- Installing: /home/lisa/master_thesis/install/velocity_pub/share/ament_index/resource_index/parent_prefix_path/velocity_pub
[1.421s] -- Installing: /home/lisa/master_thesis/install/velocity_pub/share/velocity_pub/environment/ament_prefix_path.sh
[1.421s] -- Installing: /home/lisa/master_thesis/install/velocity_pub/share/velocity_pub/environment/ament_prefix_path.dsv
[1.421s] -- Installing: /home/lisa/master_thesis/install/velocity_pub/share/velocity_pub/environment/path.sh
[1.421s] -- Installing: /home/lisa/master_thesis/install/velocity_pub/share/velocity_pub/environment/path.dsv
[1.421s] -- Installing: /home/lisa/master_thesis/install/velocity_pub/share/velocity_pub/local_setup.bash
[1.421s] -- Installing: /home/lisa/master_thesis/install/velocity_pub/share/velocity_pub/local_setup.sh
[1.421s] -- Installing: /home/lisa/master_thesis/install/velocity_pub/share/velocity_pub/local_setup.zsh
[1.421s] -- Installing: /home/lisa/master_thesis/install/velocity_pub/share/velocity_pub/local_setup.dsv
[1.421s] -- Installing: /home/lisa/master_thesis/install/velocity_pub/share/velocity_pub/package.dsv
[1.421s] -- Installing: /home/lisa/master_thesis/install/velocity_pub/share/ament_index/resource_index/packages/velocity_pub
[1.421s] -- Installing: /home/lisa/master_thesis/install/velocity_pub/share/velocity_pub/cmake/velocity_pubConfig.cmake
[1.422s] -- Installing: /home/lisa/master_thesis/install/velocity_pub/share/velocity_pub/cmake/velocity_pubConfig-version.cmake
[1.422s] -- Installing: /home/lisa/master_thesis/install/velocity_pub/share/velocity_pub/package.xml
[1.422s] Invoked command in '/home/lisa/master_thesis/build/velocity_pub' returned '0': CMAKE_PREFIX_PATH=${CMAKE_PREFIX_PATH}:/home/lisa/ws_moveit/install/moveit_configs_utils:/opt/ros/jazzy DEBUGINFOD_URLS=https://debuginfod.ubuntu.com /usr/bin/cmake --install /home/lisa/master_thesis/build/velocity_pub
