[0.033s] Invoking command in '/home/lisa/master_thesis/build/velocity_pub': CMAKE_PREFIX_PATH=${CMAKE_PREFIX_PATH}:/home/lisa/ws_moveit/install/moveit_configs_utils:/opt/ros/jazzy DEBUGINFOD_URLS=https://debuginfod.ubuntu.com /usr/bin/cmake --build /home/lisa/master_thesis/build/velocity_pub -- -j20 -l20
[0.082s] Invoked command in '/home/lisa/master_thesis/build/velocity_pub' returned '0': CMAKE_PREFIX_PATH=${CMAKE_PREFIX_PATH}:/home/lisa/ws_moveit/install/moveit_configs_utils:/opt/ros/jazzy DEBUGINFOD_URLS=https://debuginfod.ubuntu.com /usr/bin/cmake --build /home/lisa/master_thesis/build/velocity_pub -- -j20 -l20
[0.118s] Invoking command in '/home/lisa/master_thesis/build/velocity_pub': CMAKE_PREFIX_PATH=${CMAKE_PREFIX_PATH}:/home/lisa/ws_moveit/install/moveit_configs_utils:/opt/ros/jazzy DEBUGINFOD_URLS=https://debuginfod.ubuntu.com /usr/bin/cmake --install /home/lisa/master_thesis/build/velocity_pub
[0.127s] -- Install configuration: ""
[0.127s] -- Up-to-date: /home/lisa/master_thesis/install/velocity_pub/share/velocity_pub//scripts
[0.127s] -- Up-to-date: /home/lisa/master_thesis/install/velocity_pub/share/velocity_pub//scripts/robot_control.py
[0.127s] -- Up-to-date: /home/lisa/master_thesis/install/velocity_pub/share/velocity_pub//launch
[0.127s] -- Up-to-date: /home/lisa/master_thesis/install/velocity_pub/share/velocity_pub//launch/four_ws_control.launch.py
[0.129s] -- Up-to-date: /home/lisa/master_thesis/install/velocity_pub/lib/velocity_pub/robot_control.py
[0.131s] -- Up-to-date: /home/lisa/master_thesis/install/velocity_pub/lib/velocity_pub/four_ws_control.launch.py
[0.132s] -- Up-to-date: /home/lisa/master_thesis/install/velocity_pub/share/ament_index/resource_index/package_run_dependencies/velocity_pub
[0.132s] -- Up-to-date: /home/lisa/master_thesis/install/velocity_pub/share/ament_index/resource_index/parent_prefix_path/velocity_pub
[0.132s] -- Up-to-date: /home/lisa/master_thesis/install/velocity_pub/share/velocity_pub/environment/ament_prefix_path.sh
[0.132s] -- Up-to-date: /home/lisa/master_thesis/install/velocity_pub/share/velocity_pub/environment/ament_prefix_path.dsv
[0.132s] -- Up-to-date: /home/lisa/master_thesis/install/velocity_pub/share/velocity_pub/environment/path.sh
[0.132s] -- Up-to-date: /home/lisa/master_thesis/install/velocity_pub/share/velocity_pub/environment/path.dsv
[0.132s] -- Up-to-date: /home/lisa/master_thesis/install/velocity_pub/share/velocity_pub/local_setup.bash
[0.132s] -- Up-to-date: /home/lisa/master_thesis/install/velocity_pub/share/velocity_pub/local_setup.sh
[0.132s] -- Up-to-date: /home/lisa/master_thesis/install/velocity_pub/share/velocity_pub/local_setup.zsh
[0.132s] -- Up-to-date: /home/lisa/master_thesis/install/velocity_pub/share/velocity_pub/local_setup.dsv
[0.132s] -- Up-to-date: /home/lisa/master_thesis/install/velocity_pub/share/velocity_pub/package.dsv
[0.132s] -- Up-to-date: /home/lisa/master_thesis/install/velocity_pub/share/ament_index/resource_index/packages/velocity_pub
[0.132s] -- Up-to-date: /home/lisa/master_thesis/install/velocity_pub/share/velocity_pub/cmake/velocity_pubConfig.cmake
[0.132s] -- Up-to-date: /home/lisa/master_thesis/install/velocity_pub/share/velocity_pub/cmake/velocity_pubConfig-version.cmake
[0.132s] -- Up-to-date: /home/lisa/master_thesis/install/velocity_pub/share/velocity_pub/package.xml
[0.135s] Invoked command in '/home/lisa/master_thesis/build/velocity_pub' returned '0': CMAKE_PREFIX_PATH=${CMAKE_PREFIX_PATH}:/home/lisa/ws_moveit/install/moveit_configs_utils:/opt/ros/jazzy DEBUGINFOD_URLS=https://debuginfod.ubuntu.com /usr/bin/cmake --install /home/lisa/master_thesis/build/velocity_pub
