[0.035s] Invoking command in '/home/lisa/master_thesis/build/fws_robot_sim': CMAKE_PREFIX_PATH=${CMAKE_PREFIX_PATH}:/home/lisa/ws_moveit/install/moveit_configs_utils:/opt/ros/jazzy DEBUGINFOD_URLS=https://debuginfod.ubuntu.com /usr/bin/cmake --build /home/lisa/master_thesis/build/fws_robot_sim -- -j20 -l20
[0.062s] Invoked command in '/home/lisa/master_thesis/build/fws_robot_sim' returned '0': CMAKE_PREFIX_PATH=${CMAKE_PREFIX_PATH}:/home/lisa/ws_moveit/install/moveit_configs_utils:/opt/ros/jazzy DEBUGINFOD_URLS=https://debuginfod.ubuntu.com /usr/bin/cmake --build /home/lisa/master_thesis/build/fws_robot_sim -- -j20 -l20
[0.093s] Invoking command in '/home/lisa/master_thesis/build/fws_robot_sim': CMAKE_PREFIX_PATH=${CMAKE_PREFIX_PATH}:/home/lisa/ws_moveit/install/moveit_configs_utils:/opt/ros/jazzy DEBUGINFOD_URLS=https://debuginfod.ubuntu.com /usr/bin/cmake --install /home/lisa/master_thesis/build/fws_robot_sim
[0.101s] -- Install configuration: ""
[0.101s] -- Up-to-date: /home/lisa/master_thesis/install/fws_robot_sim/share/fws_robot_sim/launch
[0.101s] -- Up-to-date: /home/lisa/master_thesis/install/fws_robot_sim/share/fws_robot_sim/launch/fws_robot_spawn.launch.py
[0.101s] -- Up-to-date: /home/lisa/master_thesis/install/fws_robot_sim/share/fws_robot_sim/worlds
[0.101s] -- Up-to-date: /home/lisa/master_thesis/install/fws_robot_sim/share/fws_robot_sim/worlds/fws_robot_world.sdf
[0.101s] -- Up-to-date: /home/lisa/master_thesis/install/fws_robot_sim/share/ament_index/resource_index/package_run_dependencies/fws_robot_sim
[0.101s] -- Up-to-date: /home/lisa/master_thesis/install/fws_robot_sim/share/ament_index/resource_index/parent_prefix_path/fws_robot_sim
[0.101s] -- Up-to-date: /home/lisa/master_thesis/install/fws_robot_sim/share/fws_robot_sim/environment/ament_prefix_path.sh
[0.101s] -- Up-to-date: /home/lisa/master_thesis/install/fws_robot_sim/share/fws_robot_sim/environment/ament_prefix_path.dsv
[0.102s] -- Up-to-date: /home/lisa/master_thesis/install/fws_robot_sim/share/fws_robot_sim/environment/path.sh
[0.102s] -- Up-to-date: /home/lisa/master_thesis/install/fws_robot_sim/share/fws_robot_sim/environment/path.dsv
[0.102s] -- Up-to-date: /home/lisa/master_thesis/install/fws_robot_sim/share/fws_robot_sim/local_setup.bash
[0.102s] -- Up-to-date: /home/lisa/master_thesis/install/fws_robot_sim/share/fws_robot_sim/local_setup.sh
[0.102s] -- Up-to-date: /home/lisa/master_thesis/install/fws_robot_sim/share/fws_robot_sim/local_setup.zsh
[0.102s] -- Up-to-date: /home/lisa/master_thesis/install/fws_robot_sim/share/fws_robot_sim/local_setup.dsv
[0.102s] -- Up-to-date: /home/lisa/master_thesis/install/fws_robot_sim/share/fws_robot_sim/package.dsv
[0.103s] -- Up-to-date: /home/lisa/master_thesis/install/fws_robot_sim/share/ament_index/resource_index/packages/fws_robot_sim
[0.103s] -- Up-to-date: /home/lisa/master_thesis/install/fws_robot_sim/share/fws_robot_sim/cmake/fws_robot_simConfig.cmake
[0.103s] -- Up-to-date: /home/lisa/master_thesis/install/fws_robot_sim/share/fws_robot_sim/cmake/fws_robot_simConfig-version.cmake
[0.103s] -- Up-to-date: /home/lisa/master_thesis/install/fws_robot_sim/share/fws_robot_sim/package.xml
[0.110s] Invoked command in '/home/lisa/master_thesis/build/fws_robot_sim' returned '0': CMAKE_PREFIX_PATH=${CMAKE_PREFIX_PATH}:/home/lisa/ws_moveit/install/moveit_configs_utils:/opt/ros/jazzy DEBUGINFOD_URLS=https://debuginfod.ubuntu.com /usr/bin/cmake --install /home/lisa/master_thesis/build/fws_robot_sim
