[0.022s] Invoking command in '/home/lisa/master_thesis/build/fws_robot_description': CMAKE_PREFIX_PATH=${CMAKE_PREFIX_PATH}:/home/lisa/ws_moveit/install/moveit_configs_utils:/opt/ros/jazzy DEBUGINFOD_URLS=https://debuginfod.ubuntu.com /usr/bin/cmake /home/lisa/master_thesis/ace_ws/src/fws_robot_harmonic/fws_robot_description -DCMAKE_INSTALL_PREFIX=/home/lisa/master_thesis/install/fws_robot_description
[0.077s] -- The C compiler identification is GNU 13.2.0
[0.126s] -- The CXX compiler identification is GNU 13.2.0
[0.145s] -- Detecting C compiler ABI info
[0.246s] -- Detecting C compiler ABI info - done
[0.258s] -- Check for working C compiler: /usr/bin/cc - skipped
[0.259s] -- Detecting C compile features
[0.259s] -- Detecting C compile features - done
[0.268s] -- Detecting CXX compiler ABI info
[0.360s] -- Detecting CXX compiler ABI info - done
[0.368s] -- Check for working CXX compiler: /usr/bin/c++ - skipped
[0.368s] -- Detecting CXX compile features
[0.368s] -- Detecting CXX compile features - done
[0.373s] -- Found ament_cmake: 2.5.2 (/opt/ros/jazzy/share/ament_cmake/cmake)
[0.540s] -- Found Python3: /usr/bin/python3 (found version "3.12.3") found components: Interpreter 
[0.690s] -- Found xacro: 2.0.11 (/opt/ros/jazzy/share/xacro/cmake)
[0.695s] -- Found robot_state_publisher: 3.3.3 (/opt/ros/jazzy/share/robot_state_publisher/cmake)
[0.762s] -- Found rosidl_generator_c: 4.6.3 (/opt/ros/jazzy/share/rosidl_generator_c/cmake)
[0.781s] -- Found rosidl_generator_cpp: 4.6.3 (/opt/ros/jazzy/share/rosidl_generator_cpp/cmake)
[0.806s] -- Using all available rosidl_typesupport_c: rosidl_typesupport_fastrtps_c;rosidl_typesupport_introspection_c
[0.833s] -- Using all available rosidl_typesupport_cpp: rosidl_typesupport_fastrtps_cpp;rosidl_typesupport_introspection_cpp
[0.954s] -- Found rmw_implementation_cmake: 7.3.1 (/opt/ros/jazzy/share/rmw_implementation_cmake/cmake)
[0.964s] -- Found rmw_cyclonedds_cpp: 2.2.2 (/opt/ros/jazzy/share/rmw_cyclonedds_cpp/cmake)
[1.011s] -- Using RMW implementation 'rmw_cyclonedds_cpp' as default
[1.315s] -- Found TinyXML2 via Config file: /usr/lib/x86_64-linux-gnu/cmake/tinyxml2
[1.333s] -- Found ament_lint_auto: 0.17.1 (/opt/ros/jazzy/share/ament_lint_auto/cmake)
[1.449s] -- Added test 'copyright' to check source files copyright and LICENSE
[1.455s] -- Added test 'lint_cmake' to check CMake code style
[1.458s] -- Added test 'xmllint' to check XML markup files
[1.461s] -- Configuring done (1.4s)
[1.464s] -- Generating done (0.0s)
[1.465s] -- Build files have been written to: /home/lisa/master_thesis/build/fws_robot_description
[1.473s] Invoked command in '/home/lisa/master_thesis/build/fws_robot_description' returned '0': CMAKE_PREFIX_PATH=${CMAKE_PREFIX_PATH}:/home/lisa/ws_moveit/install/moveit_configs_utils:/opt/ros/jazzy DEBUGINFOD_URLS=https://debuginfod.ubuntu.com /usr/bin/cmake /home/lisa/master_thesis/ace_ws/src/fws_robot_harmonic/fws_robot_description -DCMAKE_INSTALL_PREFIX=/home/lisa/master_thesis/install/fws_robot_description
[1.473s] Invoking command in '/home/lisa/master_thesis/build/fws_robot_description': CMAKE_PREFIX_PATH=${CMAKE_PREFIX_PATH}:/home/lisa/ws_moveit/install/moveit_configs_utils:/opt/ros/jazzy DEBUGINFOD_URLS=https://debuginfod.ubuntu.com /usr/bin/cmake --build /home/lisa/master_thesis/build/fws_robot_description -- -j20 -l20
[1.512s] Invoked command in '/home/lisa/master_thesis/build/fws_robot_description' returned '0': CMAKE_PREFIX_PATH=${CMAKE_PREFIX_PATH}:/home/lisa/ws_moveit/install/moveit_configs_utils:/opt/ros/jazzy DEBUGINFOD_URLS=https://debuginfod.ubuntu.com /usr/bin/cmake --build /home/lisa/master_thesis/build/fws_robot_description -- -j20 -l20
[1.535s] Invoking command in '/home/lisa/master_thesis/build/fws_robot_description': CMAKE_PREFIX_PATH=${CMAKE_PREFIX_PATH}:/home/lisa/ws_moveit/install/moveit_configs_utils:/opt/ros/jazzy DEBUGINFOD_URLS=https://debuginfod.ubuntu.com /usr/bin/cmake --install /home/lisa/master_thesis/build/fws_robot_description
[1.542s] -- Install configuration: ""
[1.542s] -- Installing: /home/lisa/master_thesis/install/fws_robot_description/share/fws_robot_description/robots
[1.542s] -- Installing: /home/lisa/master_thesis/install/fws_robot_description/share/fws_robot_description/robots/parts
[1.542s] -- Installing: /home/lisa/master_thesis/install/fws_robot_description/share/fws_robot_description/robots/parts/wheel
[1.542s] -- Installing: /home/lisa/master_thesis/install/fws_robot_description/share/fws_robot_description/robots/parts/wheel/wheel.urdf.xacro
[1.543s] -- Installing: /home/lisa/master_thesis/install/fws_robot_description/share/fws_robot_description/robots/parts/wheel/wheel.gazebo.xacro
[1.543s] -- Installing: /home/lisa/master_thesis/install/fws_robot_description/share/fws_robot_description/robots/parts/lidar_base
[1.543s] -- Installing: /home/lisa/master_thesis/install/fws_robot_description/share/fws_robot_description/robots/parts/lidar_base/lidar_base.urdf.xacro
[1.543s] -- Installing: /home/lisa/master_thesis/install/fws_robot_description/share/fws_robot_description/robots/parts/lidar_base/lidar_base.gazebo.xacro
[1.543s] -- Installing: /home/lisa/master_thesis/install/fws_robot_description/share/fws_robot_description/robots/parts/suspension
[1.543s] -- Installing: /home/lisa/master_thesis/install/fws_robot_description/share/fws_robot_description/robots/parts/suspension/suspension.urdf.xacro
[1.543s] -- Installing: /home/lisa/master_thesis/install/fws_robot_description/share/fws_robot_description/robots/parts/suspension/suspension.gazebo.xacro
[1.543s] -- Installing: /home/lisa/master_thesis/install/fws_robot_description/share/fws_robot_description/robots/parts/lidar_head
[1.543s] -- Installing: /home/lisa/master_thesis/install/fws_robot_description/share/fws_robot_description/robots/parts/lidar_head/lidar_head.urdf.xacro
[1.544s] -- Installing: /home/lisa/master_thesis/install/fws_robot_description/share/fws_robot_description/robots/parts/lidar_head/lidar_head.gazebo.xacro
[1.544s] -- Installing: /home/lisa/master_thesis/install/fws_robot_description/share/fws_robot_description/robots/parts/base
[1.544s] -- Installing: /home/lisa/master_thesis/install/fws_robot_description/share/fws_robot_description/robots/parts/base/base.gazebo.xacro
[1.544s] -- Installing: /home/lisa/master_thesis/install/fws_robot_description/share/fws_robot_description/robots/parts/base/base.urdf.xacro
[1.544s] -- Installing: /home/lisa/master_thesis/install/fws_robot_description/share/fws_robot_description/robots/fws_robot.urdf.xacro
[1.544s] -- Installing: /home/lisa/master_thesis/install/fws_robot_description/share/fws_robot_description/gazebo
[1.544s] -- Installing: /home/lisa/master_thesis/install/fws_robot_description/share/fws_robot_description/gazebo/fws_robot.gazebo.xacro
[1.544s] -- Installing: /home/lisa/master_thesis/install/fws_robot_description/share/fws_robot_description/ros2_control
[1.544s] -- Installing: /home/lisa/master_thesis/install/fws_robot_description/share/fws_robot_description/ros2_control/fws_robot.ros2_control.xacro
[1.544s] -- Installing: /home/lisa/master_thesis/install/fws_robot_description/share/fws_robot_description/config
[1.544s] -- Installing: /home/lisa/master_thesis/install/fws_robot_description/share/fws_robot_description/config/fws_robot_config.rviz
[1.544s] -- Installing: /home/lisa/master_thesis/install/fws_robot_description/share/fws_robot_description/config/fws_robot_sim.yaml
[1.544s] -- Installing: /home/lisa/master_thesis/install/fws_robot_description/share/fws_robot_description/meshes
[1.545s] -- Installing: /home/lisa/master_thesis/install/fws_robot_description/share/fws_robot_description/meshes/STL
[1.545s] -- Installing: /home/lisa/master_thesis/install/fws_robot_description/share/fws_robot_description/meshes/STL/wheel
[1.545s] -- Installing: /home/lisa/master_thesis/install/fws_robot_description/share/fws_robot_description/meshes/STL/wheel/robot_wheel.stl
[1.545s] -- Installing: /home/lisa/master_thesis/install/fws_robot_description/share/fws_robot_description/meshes/STL/sensors
[1.545s] -- Installing: /home/lisa/master_thesis/install/fws_robot_description/share/fws_robot_description/meshes/STL/sensors/front_lrf
[1.545s] -- Installing: /home/lisa/master_thesis/install/fws_robot_description/share/fws_robot_description/meshes/STL/sensors/front_lrf/front_lrf.stl
[1.546s] -- Installing: /home/lisa/master_thesis/install/fws_robot_description/share/fws_robot_description/meshes/STL/sensors/gps
[1.546s] -- Installing: /home/lisa/master_thesis/install/fws_robot_description/share/fws_robot_description/meshes/STL/sensors/gps/gps.stl
[1.547s] -- Installing: /home/lisa/master_thesis/install/fws_robot_description/share/fws_robot_description/meshes/STL/sensors/camera
[1.547s] -- Installing: /home/lisa/master_thesis/install/fws_robot_description/share/fws_robot_description/meshes/STL/sensors/rear_lrf
[1.547s] -- Installing: /home/lisa/master_thesis/install/fws_robot_description/share/fws_robot_description/meshes/STL/sensors/rear_lrf/rear_lrf.stl
[1.547s] -- Installing: /home/lisa/master_thesis/install/fws_robot_description/share/fws_robot_description/meshes/STL/sensors/gim30
[1.547s] -- Installing: /home/lisa/master_thesis/install/fws_robot_description/share/fws_robot_description/meshes/STL/sensors/gim30/gim30.stl
[1.551s] -- Installing: /home/lisa/master_thesis/install/fws_robot_description/share/fws_robot_description/meshes/STL/lidar_base
[1.551s] -- Installing: /home/lisa/master_thesis/install/fws_robot_description/share/fws_robot_description/meshes/STL/lidar_base/YDlidar_base.stl
[1.551s] -- Installing: /home/lisa/master_thesis/install/fws_robot_description/share/fws_robot_description/meshes/STL/suspension
[1.551s] -- Installing: /home/lisa/master_thesis/install/fws_robot_description/share/fws_robot_description/meshes/STL/suspension/sus_link.stl
[1.552s] -- Installing: /home/lisa/master_thesis/install/fws_robot_description/share/fws_robot_description/meshes/STL/lidar_head
[1.552s] -- Installing: /home/lisa/master_thesis/install/fws_robot_description/share/fws_robot_description/meshes/STL/lidar_head/YDlidar_head.stl
[1.552s] -- Installing: /home/lisa/master_thesis/install/fws_robot_description/share/fws_robot_description/meshes/STL/base
[1.552s] -- Installing: /home/lisa/master_thesis/install/fws_robot_description/share/fws_robot_description/meshes/STL/base/base_link_old.stl
[1.552s] -- Installing: /home/lisa/master_thesis/install/fws_robot_description/share/fws_robot_description/meshes/STL/base/base_link.stl
[1.552s] -- Installing: /home/lisa/master_thesis/install/fws_robot_description/share/fws_robot_description/meshes/DAE
[1.552s] -- Installing: /home/lisa/master_thesis/install/fws_robot_description/share/fws_robot_description/meshes/DAE/wheel
[1.552s] -- Installing: /home/lisa/master_thesis/install/fws_robot_description/share/fws_robot_description/meshes/DAE/wheel/wheel_link.dae
[1.553s] -- Installing: /home/lisa/master_thesis/install/fws_robot_description/share/fws_robot_description/meshes/DAE/sensors
[1.553s] -- Installing: /home/lisa/master_thesis/install/fws_robot_description/share/fws_robot_description/meshes/DAE/sensors/front_lrf
[1.553s] -- Installing: /home/lisa/master_thesis/install/fws_robot_description/share/fws_robot_description/meshes/DAE/sensors/front_lrf/lrf_texture.png
[1.553s] -- Installing: /home/lisa/master_thesis/install/fws_robot_description/share/fws_robot_description/meshes/DAE/sensors/front_lrf/front_lrf.dae
[1.561s] -- Installing: /home/lisa/master_thesis/install/fws_robot_description/share/fws_robot_description/meshes/DAE/sensors/gps
[1.562s] -- Installing: /home/lisa/master_thesis/install/fws_robot_description/share/fws_robot_description/meshes/DAE/sensors/gps/gps_texture.png
[1.562s] -- Installing: /home/lisa/master_thesis/install/fws_robot_description/share/fws_robot_description/meshes/DAE/sensors/gps/gps.dae
[1.564s] -- Installing: /home/lisa/master_thesis/install/fws_robot_description/share/fws_robot_description/meshes/DAE/sensors/camera
[1.565s] -- Installing: /home/lisa/master_thesis/install/fws_robot_description/share/fws_robot_description/meshes/DAE/sensors/camera/camera.dae
[1.565s] -- Installing: /home/lisa/master_thesis/install/fws_robot_description/share/fws_robot_description/meshes/DAE/sensors/rear_lrf
[1.565s] -- Installing: /home/lisa/master_thesis/install/fws_robot_description/share/fws_robot_description/meshes/DAE/sensors/rear_lrf/urg_texture.png
[1.565s] -- Installing: /home/lisa/master_thesis/install/fws_robot_description/share/fws_robot_description/meshes/DAE/sensors/rear_lrf/rear_lrf.dae
[1.565s] -- Installing: /home/lisa/master_thesis/install/fws_robot_description/share/fws_robot_description/meshes/DAE/sensors/gim30
[1.565s] -- Installing: /home/lisa/master_thesis/install/fws_robot_description/share/fws_robot_description/meshes/DAE/sensors/gim30/gim30_lrf_texture.png
[1.565s] -- Installing: /home/lisa/master_thesis/install/fws_robot_description/share/fws_robot_description/meshes/DAE/sensors/gim30/gim30.dae
[1.575s] -- Installing: /home/lisa/master_thesis/install/fws_robot_description/share/fws_robot_description/meshes/DAE/lidar_base
[1.576s] -- Installing: /home/lisa/master_thesis/install/fws_robot_description/share/fws_robot_description/meshes/DAE/lidar_base/YDlidar_base.dae
[1.576s] -- Installing: /home/lisa/master_thesis/install/fws_robot_description/share/fws_robot_description/meshes/DAE/suspension
[1.576s] -- Installing: /home/lisa/master_thesis/install/fws_robot_description/share/fws_robot_description/meshes/DAE/suspension/rl_link.dae
[1.577s] -- Installing: /home/lisa/master_thesis/install/fws_robot_description/share/fws_robot_description/meshes/DAE/suspension/fr_link.dae
[1.578s] -- Installing: /home/lisa/master_thesis/install/fws_robot_description/share/fws_robot_description/meshes/DAE/suspension/fl_link.dae
[1.579s] -- Installing: /home/lisa/master_thesis/install/fws_robot_description/share/fws_robot_description/meshes/DAE/suspension/rr_link.dae
[1.580s] -- Installing: /home/lisa/master_thesis/install/fws_robot_description/share/fws_robot_description/meshes/DAE/lidar_head
[1.580s] -- Installing: /home/lisa/master_thesis/install/fws_robot_description/share/fws_robot_description/meshes/DAE/lidar_head/YDlidar_head.dae
[1.580s] -- Installing: /home/lisa/master_thesis/install/fws_robot_description/share/fws_robot_description/meshes/DAE/base
[1.580s] -- Installing: /home/lisa/master_thesis/install/fws_robot_description/share/fws_robot_description/meshes/DAE/base/base_linkOLD.dae
[1.586s] -- Installing: /home/lisa/master_thesis/install/fws_robot_description/share/fws_robot_description/meshes/DAE/base/base_link.dae
[1.590s] -- Installing: /home/lisa/master_thesis/install/fws_robot_description/share/ament_index/resource_index/package_run_dependencies/fws_robot_description
[1.590s] -- Installing: /home/lisa/master_thesis/install/fws_robot_description/share/ament_index/resource_index/parent_prefix_path/fws_robot_description
[1.590s] -- Installing: /home/lisa/master_thesis/install/fws_robot_description/share/fws_robot_description/environment/ament_prefix_path.sh
[1.590s] -- Installing: /home/lisa/master_thesis/install/fws_robot_description/share/fws_robot_description/environment/ament_prefix_path.dsv
[1.590s] -- Installing: /home/lisa/master_thesis/install/fws_robot_description/share/fws_robot_description/environment/path.sh
[1.590s] -- Installing: /home/lisa/master_thesis/install/fws_robot_description/share/fws_robot_description/environment/path.dsv
[1.590s] -- Installing: /home/lisa/master_thesis/install/fws_robot_description/share/fws_robot_description/local_setup.bash
[1.591s] -- Installing: /home/lisa/master_thesis/install/fws_robot_description/share/fws_robot_description/local_setup.sh
[1.591s] -- Installing: /home/lisa/master_thesis/install/fws_robot_description/share/fws_robot_description/local_setup.zsh
[1.591s] -- Installing: /home/lisa/master_thesis/install/fws_robot_description/share/fws_robot_description/local_setup.dsv
[1.591s] -- Installing: /home/lisa/master_thesis/install/fws_robot_description/share/fws_robot_description/package.dsv
[1.591s] -- Installing: /home/lisa/master_thesis/install/fws_robot_description/share/ament_index/resource_index/packages/fws_robot_description
[1.591s] -- Installing: /home/lisa/master_thesis/install/fws_robot_description/share/fws_robot_description/cmake/fws_robot_descriptionConfig.cmake
[1.591s] -- Installing: /home/lisa/master_thesis/install/fws_robot_description/share/fws_robot_description/cmake/fws_robot_descriptionConfig-version.cmake
[1.591s] -- Installing: /home/lisa/master_thesis/install/fws_robot_description/share/fws_robot_description/package.xml
[1.592s] Invoked command in '/home/lisa/master_thesis/build/fws_robot_description' returned '0': CMAKE_PREFIX_PATH=${CMAKE_PREFIX_PATH}:/home/lisa/ws_moveit/install/moveit_configs_utils:/opt/ros/jazzy DEBUGINFOD_URLS=https://debuginfod.ubuntu.com /usr/bin/cmake --install /home/lisa/master_thesis/build/fws_robot_description
