[0.028s] Invoking command in '/home/lisa/master_thesis/build/panda_description': CMAKE_PREFIX_PATH=${CMAKE_PREFIX_PATH}:/home/lisa/ws_moveit/install/moveit_configs_utils:/opt/ros/jazzy DEBUGINFOD_URLS=https://debuginfod.ubuntu.com /usr/bin/cmake /home/lisa/master_thesis/ace_ws/src/panda_resources/panda_description -DCMAKE_INSTALL_PREFIX=/home/lisa/master_thesis/install/panda_description
[0.097s] -- The C compiler identification is GNU 13.2.0
[0.158s] -- The CXX compiler identification is GNU 13.2.0
[0.175s] -- Detecting C compiler ABI info
[0.258s] -- Detecting C compiler ABI info - done
[0.266s] -- Check for working C compiler: /usr/bin/cc - skipped
[0.267s] -- Detecting C compile features
[0.267s] -- Detecting C compile features - done
[0.276s] -- Detecting CXX compiler ABI info
[0.380s] -- Detecting CXX compiler ABI info - done
[0.388s] -- Check for working CXX compiler: /usr/bin/c++ - skipped
[0.388s] -- Detecting CXX compile features
[0.389s] -- Detecting CXX compile features - done
[0.395s] -- Found ament_cmake: 2.5.2 (/opt/ros/jazzy/share/ament_cmake/cmake)
[0.566s] -- Found Python3: /usr/bin/python3 (found version "3.12.3") found components: Interpreter 
[0.855s] -- Configuring done (0.8s)
[0.857s] -- Generating done (0.0s)
[0.857s] -- Build files have been written to: /home/lisa/master_thesis/build/panda_description
[0.862s] Invoked command in '/home/lisa/master_thesis/build/panda_description' returned '0': CMAKE_PREFIX_PATH=${CMAKE_PREFIX_PATH}:/home/lisa/ws_moveit/install/moveit_configs_utils:/opt/ros/jazzy DEBUGINFOD_URLS=https://debuginfod.ubuntu.com /usr/bin/cmake /home/lisa/master_thesis/ace_ws/src/panda_resources/panda_description -DCMAKE_INSTALL_PREFIX=/home/lisa/master_thesis/install/panda_description
[0.863s] Invoking command in '/home/lisa/master_thesis/build/panda_description': CMAKE_PREFIX_PATH=${CMAKE_PREFIX_PATH}:/home/lisa/ws_moveit/install/moveit_configs_utils:/opt/ros/jazzy DEBUGINFOD_URLS=https://debuginfod.ubuntu.com /usr/bin/cmake --build /home/lisa/master_thesis/build/panda_description -- -j20 -l20
[0.917s] Invoked command in '/home/lisa/master_thesis/build/panda_description' returned '0': CMAKE_PREFIX_PATH=${CMAKE_PREFIX_PATH}:/home/lisa/ws_moveit/install/moveit_configs_utils:/opt/ros/jazzy DEBUGINFOD_URLS=https://debuginfod.ubuntu.com /usr/bin/cmake --build /home/lisa/master_thesis/build/panda_description -- -j20 -l20
[0.946s] Invoking command in '/home/lisa/master_thesis/build/panda_description': CMAKE_PREFIX_PATH=${CMAKE_PREFIX_PATH}:/home/lisa/ws_moveit/install/moveit_configs_utils:/opt/ros/jazzy DEBUGINFOD_URLS=https://debuginfod.ubuntu.com /usr/bin/cmake --install /home/lisa/master_thesis/build/panda_description
[0.955s] -- Install configuration: ""
[0.955s] -- Installing: /home/lisa/master_thesis/install/panda_description/share/ament_index/resource_index/package_run_dependencies/panda_description
[0.955s] -- Installing: /home/lisa/master_thesis/install/panda_description/share/ament_index/resource_index/parent_prefix_path/panda_description
[0.955s] -- Installing: /home/lisa/master_thesis/install/panda_description/share/panda_description/environment/ament_prefix_path.sh
[0.956s] -- Installing: /home/lisa/master_thesis/install/panda_description/share/panda_description/environment/ament_prefix_path.dsv
[0.956s] -- Installing: /home/lisa/master_thesis/install/panda_description/share/panda_description/environment/path.sh
[0.956s] -- Installing: /home/lisa/master_thesis/install/panda_description/share/panda_description/environment/path.dsv
[0.956s] -- Installing: /home/lisa/master_thesis/install/panda_description/share/panda_description/local_setup.bash
[0.956s] -- Installing: /home/lisa/master_thesis/install/panda_description/share/panda_description/local_setup.sh
[0.956s] -- Installing: /home/lisa/master_thesis/install/panda_description/share/panda_description/local_setup.zsh
[0.956s] -- Installing: /home/lisa/master_thesis/install/panda_description/share/panda_description/local_setup.dsv
[0.956s] -- Installing: /home/lisa/master_thesis/install/panda_description/share/panda_description/package.dsv
[0.956s] -- Installing: /home/lisa/master_thesis/install/panda_description/share/ament_index/resource_index/packages/panda_description
[0.956s] -- Installing: /home/lisa/master_thesis/install/panda_description/share/panda_description/cmake/panda_descriptionConfig.cmake
[0.956s] -- Installing: /home/lisa/master_thesis/install/panda_description/share/panda_description/cmake/panda_descriptionConfig-version.cmake
[0.956s] -- Installing: /home/lisa/master_thesis/install/panda_description/share/panda_description/package.xml
[0.956s] -- Installing: /home/lisa/master_thesis/install/panda_description/share/panda_description/meshes
[0.957s] -- Installing: /home/lisa/master_thesis/install/panda_description/share/panda_description/meshes/collision
[0.957s] -- Installing: /home/lisa/master_thesis/install/panda_description/share/panda_description/meshes/collision/link7.stl
[0.957s] -- Installing: /home/lisa/master_thesis/install/panda_description/share/panda_description/meshes/collision/hand.stl
[0.957s] -- Installing: /home/lisa/master_thesis/install/panda_description/share/panda_description/meshes/collision/link2.stl
[0.957s] -- Installing: /home/lisa/master_thesis/install/panda_description/share/panda_description/meshes/collision/link0.stl
[0.957s] -- Installing: /home/lisa/master_thesis/install/panda_description/share/panda_description/meshes/collision/link6.stl
[0.957s] -- Installing: /home/lisa/master_thesis/install/panda_description/share/panda_description/meshes/collision/finger.stl
[0.957s] -- Installing: /home/lisa/master_thesis/install/panda_description/share/panda_description/meshes/collision/link1.stl
[0.957s] -- Installing: /home/lisa/master_thesis/install/panda_description/share/panda_description/meshes/collision/link4.stl
[0.957s] -- Installing: /home/lisa/master_thesis/install/panda_description/share/panda_description/meshes/collision/link3.stl
[0.957s] -- Installing: /home/lisa/master_thesis/install/panda_description/share/panda_description/meshes/collision/link5.stl
[0.957s] -- Installing: /home/lisa/master_thesis/install/panda_description/share/panda_description/meshes/visual
[0.957s] -- Installing: /home/lisa/master_thesis/install/panda_description/share/panda_description/meshes/visual/link5.dae
[0.958s] -- Installing: /home/lisa/master_thesis/install/panda_description/share/panda_description/meshes/visual/link1.dae
[0.958s] -- Installing: /home/lisa/master_thesis/install/panda_description/share/panda_description/meshes/visual/link2.dae
[0.959s] -- Installing: /home/lisa/master_thesis/install/panda_description/share/panda_description/meshes/visual/link4.dae
[0.960s] -- Installing: /home/lisa/master_thesis/install/panda_description/share/panda_description/meshes/visual/link0.dae
[0.961s] -- Installing: /home/lisa/master_thesis/install/panda_description/share/panda_description/meshes/visual/hand.dae
[0.961s] -- Installing: /home/lisa/master_thesis/install/panda_description/share/panda_description/meshes/visual/link6.dae
[0.962s] -- Installing: /home/lisa/master_thesis/install/panda_description/share/panda_description/meshes/visual/link7.dae
[0.963s] -- Installing: /home/lisa/master_thesis/install/panda_description/share/panda_description/meshes/visual/finger.dae
[0.963s] -- Installing: /home/lisa/master_thesis/install/panda_description/share/panda_description/meshes/visual/link3.dae
[0.964s] -- Installing: /home/lisa/master_thesis/install/panda_description/share/panda_description/urdf
[0.964s] -- Installing: /home/lisa/master_thesis/install/panda_description/share/panda_description/urdf/panda.urdf
[0.964s] -- Installing: /home/lisa/master_thesis/install/panda_description/share/panda_description/urdf/panda.urdf.xacro
[0.968s] Invoked command in '/home/lisa/master_thesis/build/panda_description' returned '0': CMAKE_PREFIX_PATH=${CMAKE_PREFIX_PATH}:/home/lisa/ws_moveit/install/moveit_configs_utils:/opt/ros/jazzy DEBUGINFOD_URLS=https://debuginfod.ubuntu.com /usr/bin/cmake --install /home/lisa/master_thesis/build/panda_description
