[0.033s] Invoking command in '/home/lisa/master_thesis/build/ur_simulation_gz': CMAKE_PREFIX_PATH=${CMAKE_PREFIX_PATH}:/home/lisa/ws_moveit/install/moveit_configs_utils:/opt/ros/jazzy DEBUGINFOD_URLS=https://debuginfod.ubuntu.com /usr/bin/cmake --build /home/lisa/master_thesis/build/ur_simulation_gz -- -j20 -l20
[0.077s] Invoked command in '/home/lisa/master_thesis/build/ur_simulation_gz' returned '0': CMAKE_PREFIX_PATH=${CMAKE_PREFIX_PATH}:/home/lisa/ws_moveit/install/moveit_configs_utils:/opt/ros/jazzy DEBUGINFOD_URLS=https://debuginfod.ubuntu.com /usr/bin/cmake --build /home/lisa/master_thesis/build/ur_simulation_gz -- -j20 -l20
[0.122s] Invoking command in '/home/lisa/master_thesis/build/ur_simulation_gz': CMAKE_PREFIX_PATH=${CMAKE_PREFIX_PATH}:/home/lisa/ws_moveit/install/moveit_configs_utils:/opt/ros/jazzy DEBUGINFOD_URLS=https://debuginfod.ubuntu.com /usr/bin/cmake --install /home/lisa/master_thesis/build/ur_simulation_gz
[0.132s] -- Install configuration: ""
[0.132s] -- Up-to-date: /home/lisa/master_thesis/install/ur_simulation_gz/share/ur_simulation_gz/config
[0.133s] -- Up-to-date: /home/lisa/master_thesis/install/ur_simulation_gz/share/ur_simulation_gz/config/ur_controllers.yaml
[0.134s] -- Up-to-date: /home/lisa/master_thesis/install/ur_simulation_gz/share/ur_simulation_gz/launch
[0.134s] -- Up-to-date: /home/lisa/master_thesis/install/ur_simulation_gz/share/ur_simulation_gz/launch/ur_sim_moveit.launch.py
[0.135s] -- Up-to-date: /home/lisa/master_thesis/install/ur_simulation_gz/share/ur_simulation_gz/launch/ur_sim_control.launch.py
[0.135s] -- Up-to-date: /home/lisa/master_thesis/install/ur_simulation_gz/share/ur_simulation_gz/urdf
[0.135s] -- Up-to-date: /home/lisa/master_thesis/install/ur_simulation_gz/share/ur_simulation_gz/urdf/ur_gz.urdf.xacro
[0.135s] -- Up-to-date: /home/lisa/master_thesis/install/ur_simulation_gz/share/ur_simulation_gz/urdf/ur_gz.ros2_control.xacro
[0.135s] -- Up-to-date: /home/lisa/master_thesis/install/ur_simulation_gz/share/ament_index/resource_index/package_run_dependencies/ur_simulation_gz
[0.135s] -- Up-to-date: /home/lisa/master_thesis/install/ur_simulation_gz/share/ament_index/resource_index/parent_prefix_path/ur_simulation_gz
[0.135s] -- Up-to-date: /home/lisa/master_thesis/install/ur_simulation_gz/share/ur_simulation_gz/environment/ament_prefix_path.sh
[0.136s] -- Up-to-date: /home/lisa/master_thesis/install/ur_simulation_gz/share/ur_simulation_gz/environment/ament_prefix_path.dsv
[0.136s] -- Up-to-date: /home/lisa/master_thesis/install/ur_simulation_gz/share/ur_simulation_gz/environment/path.sh
[0.136s] -- Up-to-date: /home/lisa/master_thesis/install/ur_simulation_gz/share/ur_simulation_gz/environment/path.dsv
[0.136s] -- Up-to-date: /home/lisa/master_thesis/install/ur_simulation_gz/share/ur_simulation_gz/local_setup.bash
[0.137s] -- Up-to-date: /home/lisa/master_thesis/install/ur_simulation_gz/share/ur_simulation_gz/local_setup.sh
[0.138s] -- Up-to-date: /home/lisa/master_thesis/install/ur_simulation_gz/share/ur_simulation_gz/local_setup.zsh
[0.138s] -- Up-to-date: /home/lisa/master_thesis/install/ur_simulation_gz/share/ur_simulation_gz/local_setup.dsv
[0.138s] -- Up-to-date: /home/lisa/master_thesis/install/ur_simulation_gz/share/ur_simulation_gz/package.dsv
[0.138s] -- Up-to-date: /home/lisa/master_thesis/install/ur_simulation_gz/share/ament_index/resource_index/packages/ur_simulation_gz
[0.138s] -- Up-to-date: /home/lisa/master_thesis/install/ur_simulation_gz/share/ur_simulation_gz/cmake/ur_simulation_gzConfig.cmake
[0.138s] -- Up-to-date: /home/lisa/master_thesis/install/ur_simulation_gz/share/ur_simulation_gz/cmake/ur_simulation_gzConfig-version.cmake
[0.138s] -- Up-to-date: /home/lisa/master_thesis/install/ur_simulation_gz/share/ur_simulation_gz/package.xml
[0.144s] Invoked command in '/home/lisa/master_thesis/build/ur_simulation_gz' returned '0': CMAKE_PREFIX_PATH=${CMAKE_PREFIX_PATH}:/home/lisa/ws_moveit/install/moveit_configs_utils:/opt/ros/jazzy DEBUGINFOD_URLS=https://debuginfod.ubuntu.com /usr/bin/cmake --install /home/lisa/master_thesis/build/ur_simulation_gz
