-- The C compiler identification is GNU 13.2.0
-- The CXX compiler identification is GNU 13.2.0
-- Detecting C compiler ABI info
-- Detecting C compiler ABI info - done
-- Check for working C compiler: /usr/bin/cc - skipped
-- Detecting C compile features
-- Detecting C compile features - done
-- Detecting CXX compiler ABI info
-- Detecting CXX compiler ABI info - done
-- Check for working CXX compiler: /usr/bin/c++ - skipped
-- Detecting CXX compile features
-- Detecting CXX compile features - done
-- Found ament_cmake: 2.5.2 (/opt/ros/jazzy/share/ament_cmake/cmake)
-- Found Python3: /usr/bin/python3 (found version "3.12.3") found components: Interpreter 
-- Found moveit_ros_planning_interface: 2.10.0 (/home/lisa/ws_moveit/install/moveit_ros_planning_interface/share/moveit_ros_planning_interface/cmake)
-- Found Boost: /usr/lib/x86_64-linux-gnu/cmake/Boost-1.83.0/BoostConfig.cmake (found version "1.83.0") found components: date_time filesystem program_options system thread 
-- Found rosidl_generator_c: 4.6.3 (/opt/ros/jazzy/share/rosidl_generator_c/cmake)
-- Found rosidl_generator_cpp: 4.6.3 (/opt/ros/jazzy/share/rosidl_generator_cpp/cmake)
-- Using all available rosidl_typesupport_c: rosidl_typesupport_fastrtps_c;rosidl_typesupport_introspection_c
-- Using all available rosidl_typesupport_cpp: rosidl_typesupport_fastrtps_cpp;rosidl_typesupport_introspection_cpp
-- Found Boost: /usr/lib/x86_64-linux-gnu/cmake/Boost-1.83.0/BoostConfig.cmake (found version "1.83.0") found components: chrono date_time filesystem iostreams program_options regex serialization system thread 
-- Found parameter_traits: 0.3.8 (/opt/ros/jazzy/share/parameter_traits/cmake)
-- Found rmw_implementation_cmake: 7.3.1 (/opt/ros/jazzy/share/rmw_implementation_cmake/cmake)
-- Found rmw_cyclonedds_cpp: 2.2.2 (/opt/ros/jazzy/share/rmw_cyclonedds_cpp/cmake)
-- Using RMW implementation 'rmw_cyclonedds_cpp' as default
-- Found rclcpp_lifecycle: 28.1.3 (/opt/ros/jazzy/share/rclcpp_lifecycle/cmake)
-- Found Boost: /usr/lib/x86_64-linux-gnu/cmake/Boost-1.83.0/BoostConfig.cmake (found version "1.83.0") found components: filesystem 
-- Found Eigen3: TRUE (found version "3.4.0") 
-- Ensuring Eigen3 include directory is part of orocos-kdl CMake target
-- Found TinyXML2 via Config file: /usr/lib/x86_64-linux-gnu/cmake/tinyxml2
-- Found Boost: /usr/lib/x86_64-linux-gnu/cmake/Boost-1.83.0/BoostConfig.cmake (found version "1.83.0") found components: system filesystem date_time program_options thread chrono 
-- Found Boost: /usr/lib/x86_64-linux-gnu/cmake/Boost-1.83.0/BoostConfig.cmake (found version "1.83.0") found components: thread system filesystem regex date_time program_options 
-- Found Boost: /usr/lib/x86_64-linux-gnu/cmake/Boost-1.83.0/BoostConfig.cmake (found version "1.83.0") found components: system filesystem date_time program_options thread 
-- Found ament_lint_auto: 0.17.1 (/opt/ros/jazzy/share/ament_lint_auto/cmake)
-- Added test 'cppcheck' to perform static code analysis on C / C++ code
-- Configured cppcheck include dirs: $<BUILD_INTERFACE:/home/lisa/master_thesis/ace_ws/src/commander/include>
-- Configured cppcheck exclude dirs and/or files: 
-- Added test 'lint_cmake' to check CMake code style
-- Added test 'uncrustify' to check C / C++ code style
-- Configured uncrustify additional arguments: 
-- Added test 'xmllint' to check XML markup files
-- Configuring done (2.1s)
-- Generating done (0.0s)
-- Build files have been written to: /home/lisa/master_thesis/build/commander
[ 50%] [32mBuilding CXX object CMakeFiles/commander.dir/src/commander.cpp.o[0m
[100%] [32m[1mLinking CXX executable commander[0m
[100%] Built target commander
-- Install configuration: ""
-- Installing: /home/lisa/master_thesis/install/commander/lib/commander/commander
-- Set non-toolchain portion of runtime path of "/home/lisa/master_thesis/install/commander/lib/commander/commander" to ""
-- Installing: /home/lisa/master_thesis/install/commander/share/ament_index/resource_index/package_run_dependencies/commander
-- Installing: /home/lisa/master_thesis/install/commander/share/ament_index/resource_index/parent_prefix_path/commander
-- Installing: /home/lisa/master_thesis/install/commander/share/commander/environment/ament_prefix_path.sh
-- Installing: /home/lisa/master_thesis/install/commander/share/commander/environment/ament_prefix_path.dsv
-- Installing: /home/lisa/master_thesis/install/commander/share/commander/environment/path.sh
-- Installing: /home/lisa/master_thesis/install/commander/share/commander/environment/path.dsv
-- Installing: /home/lisa/master_thesis/install/commander/share/commander/local_setup.bash
-- Installing: /home/lisa/master_thesis/install/commander/share/commander/local_setup.sh
-- Installing: /home/lisa/master_thesis/install/commander/share/commander/local_setup.zsh
-- Installing: /home/lisa/master_thesis/install/commander/share/commander/local_setup.dsv
-- Installing: /home/lisa/master_thesis/install/commander/share/commander/package.dsv
-- Installing: /home/lisa/master_thesis/install/commander/share/ament_index/resource_index/packages/commander
-- Installing: /home/lisa/master_thesis/install/commander/share/commander/cmake/commanderConfig.cmake
-- Installing: /home/lisa/master_thesis/install/commander/share/commander/cmake/commanderConfig-version.cmake
-- Installing: /home/lisa/master_thesis/install/commander/share/commander/package.xml
