[0.016s] Invoking command in '/home/lisa/master_thesis/build/ur_simulation_gz': CMAKE_PREFIX_PATH=${CMAKE_PREFIX_PATH}:/home/lisa/ws_moveit/install/moveit_configs_utils:/opt/ros/jazzy DEBUGINFOD_URLS=https://debuginfod.ubuntu.com /usr/bin/cmake /home/lisa/master_thesis/ace_ws/src/ur_simulation_gz/ur_simulation_gz -DCMAKE_INSTALL_PREFIX=/home/lisa/master_thesis/install/ur_simulation_gz
[0.076s] -- The C compiler identification is GNU 13.2.0
[0.128s] -- The CXX compiler identification is GNU 13.2.0
[0.147s] -- Detecting C compiler ABI info
[0.233s] -- Detecting C compiler ABI info - done
[0.240s] -- Check for working C compiler: /usr/bin/cc - skipped
[0.240s] -- Detecting C compile features
[0.241s] -- Detecting C compile features - done
[0.251s] -- Detecting CXX compiler ABI info
[0.343s] -- Detecting CXX compiler ABI info - done
[0.352s] -- Check for working CXX compiler: /usr/bin/c++ - skipped
[0.352s] -- Detecting CXX compile features
[0.352s] -- Detecting CXX compile features - done
[0.357s] -- Found ament_cmake: 2.5.2 (/opt/ros/jazzy/share/ament_cmake/cmake)
[0.516s] -- Found Python3: /usr/bin/python3 (found version "3.12.3") found components: Interpreter 
[0.659s] -- Found ament_cmake_pytest: 2.5.2 (/opt/ros/jazzy/share/ament_cmake_pytest/cmake)
[1.077s] -- Configuring done (1.1s)
[1.078s] -- Generating done (0.0s)
[1.079s] -- Build files have been written to: /home/lisa/master_thesis/build/ur_simulation_gz
[1.084s] Invoked command in '/home/lisa/master_thesis/build/ur_simulation_gz' returned '0': CMAKE_PREFIX_PATH=${CMAKE_PREFIX_PATH}:/home/lisa/ws_moveit/install/moveit_configs_utils:/opt/ros/jazzy DEBUGINFOD_URLS=https://debuginfod.ubuntu.com /usr/bin/cmake /home/lisa/master_thesis/ace_ws/src/ur_simulation_gz/ur_simulation_gz -DCMAKE_INSTALL_PREFIX=/home/lisa/master_thesis/install/ur_simulation_gz
[1.085s] Invoking command in '/home/lisa/master_thesis/build/ur_simulation_gz': CMAKE_PREFIX_PATH=${CMAKE_PREFIX_PATH}:/home/lisa/ws_moveit/install/moveit_configs_utils:/opt/ros/jazzy DEBUGINFOD_URLS=https://debuginfod.ubuntu.com /usr/bin/cmake --build /home/lisa/master_thesis/build/ur_simulation_gz -- -j20 -l20
[1.130s] Invoked command in '/home/lisa/master_thesis/build/ur_simulation_gz' returned '0': CMAKE_PREFIX_PATH=${CMAKE_PREFIX_PATH}:/home/lisa/ws_moveit/install/moveit_configs_utils:/opt/ros/jazzy DEBUGINFOD_URLS=https://debuginfod.ubuntu.com /usr/bin/cmake --build /home/lisa/master_thesis/build/ur_simulation_gz -- -j20 -l20
[1.160s] Invoking command in '/home/lisa/master_thesis/build/ur_simulation_gz': CMAKE_PREFIX_PATH=${CMAKE_PREFIX_PATH}:/home/lisa/ws_moveit/install/moveit_configs_utils:/opt/ros/jazzy DEBUGINFOD_URLS=https://debuginfod.ubuntu.com /usr/bin/cmake --install /home/lisa/master_thesis/build/ur_simulation_gz
[1.170s] -- Install configuration: ""
[1.170s] -- Installing: /home/lisa/master_thesis/install/ur_simulation_gz/share/ur_simulation_gz/config
[1.170s] -- Installing: /home/lisa/master_thesis/install/ur_simulation_gz/share/ur_simulation_gz/config/ur_controllers.yaml
[1.170s] -- Installing: /home/lisa/master_thesis/install/ur_simulation_gz/share/ur_simulation_gz/launch
[1.170s] -- Installing: /home/lisa/master_thesis/install/ur_simulation_gz/share/ur_simulation_gz/launch/ur_sim_moveit.launch.py
[1.170s] -- Installing: /home/lisa/master_thesis/install/ur_simulation_gz/share/ur_simulation_gz/launch/ur_sim_control.launch.py
[1.170s] -- Installing: /home/lisa/master_thesis/install/ur_simulation_gz/share/ur_simulation_gz/urdf
[1.170s] -- Installing: /home/lisa/master_thesis/install/ur_simulation_gz/share/ur_simulation_gz/urdf/ur_gz.urdf.xacro
[1.170s] -- Installing: /home/lisa/master_thesis/install/ur_simulation_gz/share/ur_simulation_gz/urdf/ur_gz.ros2_control.xacro
[1.170s] -- Installing: /home/lisa/master_thesis/install/ur_simulation_gz/share/ament_index/resource_index/package_run_dependencies/ur_simulation_gz
[1.171s] -- Installing: /home/lisa/master_thesis/install/ur_simulation_gz/share/ament_index/resource_index/parent_prefix_path/ur_simulation_gz
[1.171s] -- Installing: /home/lisa/master_thesis/install/ur_simulation_gz/share/ur_simulation_gz/environment/ament_prefix_path.sh
[1.171s] -- Installing: /home/lisa/master_thesis/install/ur_simulation_gz/share/ur_simulation_gz/environment/ament_prefix_path.dsv
[1.171s] -- Installing: /home/lisa/master_thesis/install/ur_simulation_gz/share/ur_simulation_gz/environment/path.sh
[1.171s] -- Installing: /home/lisa/master_thesis/install/ur_simulation_gz/share/ur_simulation_gz/environment/path.dsv
[1.171s] -- Installing: /home/lisa/master_thesis/install/ur_simulation_gz/share/ur_simulation_gz/local_setup.bash
[1.171s] -- Installing: /home/lisa/master_thesis/install/ur_simulation_gz/share/ur_simulation_gz/local_setup.sh
[1.171s] -- Installing: /home/lisa/master_thesis/install/ur_simulation_gz/share/ur_simulation_gz/local_setup.zsh
[1.171s] -- Installing: /home/lisa/master_thesis/install/ur_simulation_gz/share/ur_simulation_gz/local_setup.dsv
[1.171s] -- Installing: /home/lisa/master_thesis/install/ur_simulation_gz/share/ur_simulation_gz/package.dsv
[1.171s] -- Installing: /home/lisa/master_thesis/install/ur_simulation_gz/share/ament_index/resource_index/packages/ur_simulation_gz
[1.171s] -- Installing: /home/lisa/master_thesis/install/ur_simulation_gz/share/ur_simulation_gz/cmake/ur_simulation_gzConfig.cmake
[1.171s] -- Installing: /home/lisa/master_thesis/install/ur_simulation_gz/share/ur_simulation_gz/cmake/ur_simulation_gzConfig-version.cmake
[1.171s] -- Installing: /home/lisa/master_thesis/install/ur_simulation_gz/share/ur_simulation_gz/package.xml
[1.172s] Invoked command in '/home/lisa/master_thesis/build/ur_simulation_gz' returned '0': CMAKE_PREFIX_PATH=${CMAKE_PREFIX_PATH}:/home/lisa/ws_moveit/install/moveit_configs_utils:/opt/ros/jazzy DEBUGINFOD_URLS=https://debuginfod.ubuntu.com /usr/bin/cmake --install /home/lisa/master_thesis/build/ur_simulation_gz
